2025-12-04 17:58:56,324 - ЛоГгГи - INFO -  СЕМЕН   Оставил отзыв
2025-12-04 18:10:11,628 - ЛоГгГи - INFO -  щгг   Оставил отзыв
2025-12-04 19:44:03,557 - ЛоГгГи - INFO -  СЕМЕН   Оставил отзыв
2025-12-04 20:03:11,460 - ЛоГгГи - INFO -  fff   Оставил отзыв
2025-12-05 16:38:11,138 - ЛоГгГи - INFO -  ukhkhuku   Оставил отзыв
2025-12-05 17:34:20,223 - ЛоГгГи - INFO -  hbjhbjhb   Оставил отзыв
2025-12-05 17:45:27,339 - ЛоГгГи - INFO -  hgvhgvhgvhvghv   Оставил отзыв
2025-12-05 20:26:03,474 - ЛоГгГи - INFO -  jnk   Оставил отзыв
2025-12-05 22:23:50,725 - ЛоГгГи - INFO -  Тсщттщдт Дщддддддд Дддд   Оставил отзыв
2025-12-05 22:24:47,758 - ЛоГгГи - INFO -  Тсщттщдт Дщддддддд Дддд Длшдл Лллл   Оставил отзыв
2025-12-06 16:37:40,076 - ЛоГгГи - INFO -  Сама Серг Харитон   Оставил отзыв
2025-12-06 16:38:51,272 - ЛоГгГи - INFO -  Сама Серг Харитон   Оставил отзыв
2025-12-06 16:39:08,589 - ЛоГгГи - INFO -  Иори Рор Ррррроо   Оставил отзыв
2025-12-06 16:42:02,851 - ЛоГгГи - INFO -  Jknj Jjj Jjj   Оставил отзыв
2025-12-07 07:14:56,352 - ЛоГгГи - INFO -  Hhiuh Uuhhhh Uhuooooohhu   Оставил отзыв
2025-12-07 07:22:43,025 - ЛоГгГи - INFO -     Оставил отзыв
2025-12-07 07:23:31,583 - ЛоГгГи - INFO -     Оставил отзыв
2025-12-07 07:27:37,421 - ЛоГгГи - INFO -  None   Оставил отзыв
2025-12-07 07:28:31,997 - ЛоГгГи - INFO -  None   Оставил отзыв
2025-12-07 07:28:52,519 - ЛоГгГи - INFO -     Оставил отзыв
2025-12-07 07:29:12,242 - ЛоГгГи - INFO -     Оставил отзыв
2025-12-07 07:33:29,489 - ЛоГгГи - INFO -  Aaa   Оставил отзыв
2025-12-07 07:34:17,201 - ЛоГгГи - INFO -  УслоВИЕ   Оставил отзыв
2025-12-07 07:54:36,249 - ЛоГгГи - INFO -  Jnj Jjjj   Оставил отзыв
2025-12-07 07:57:35,145 - ЛоГгГи - INFO -  Тлотло Отлотло Шшшшшшшшшшшшшш   Оставил отзыв
2025-12-07 08:13:45,751 - ЛоГгГи - INFO -  khjhhjj j j jkjJJJ   Оставил отзыв
2025-12-07 08:13:57,951 - ЛоГгГи - INFO -  khjhhjj j j jkjJJJ   Оставил отзыв
2025-12-07 08:14:05,610 - ЛоГгГи - INFO -  khjhhjj j j jkjJJJ   Оставил отзыв
2025-12-07 08:14:11,564 - ЛоГгГи - INFO -  khjhhjj j j jkjJJJ   Оставил отзыв
2025-12-08 16:35:08,921 - ЛоГгГи - INFO -  Сем Харитон Семенович   Оставил отзыв
2025-12-08 17:35:02,290 - ЛоГгГи - INFO -  Альбина   Оставил отзыв
2025-12-08 17:42:25,826 - ЛоГгГи - INFO -  Khkhu Hhh Ihihihhhhihih   Оставил отзыв
2025-12-08 17:49:05,009 - ЛоГгГи - INFO -  Sem Petuz Vasua   Оставил отзыв
2025-12-08 19:03:14,153 - ЛоГгГи - INFO -  Koijoi Ioioioi Oioi   Оставил отзыв
2025-12-08 19:34:07,691 - ЛоГгГи - INFO -  Альбина   Оставил отзыв
2025-12-08 19:58:09,776 - ЛоГгГи - INFO -  Jnkjnkjnj Bbbbbbbbbb Bbb   Оставил отзыв
2025-12-08 21:30:43,870 - ЛоГгГи - INFO -  Савелов Степан Мркович   Оставил отзыв
2025-12-09 13:43:44,161 - ЛоГгГи - INFO -  Сергеев Сергей Сергеевич   Оставил отзыв
2025-12-09 17:16:27,300 - ЛоГгГи - INFO -  Fff Лдль Рлрлр   Оставил отзыв
2025-12-10 15:42:22,543 - ЛоГгГи - INFO -  Василье Вася Васин   Оставил отзыв
2025-12-10 16:37:55,926 - ЛоГгГи - INFO -  Максим   Оставил отзыв
2025-12-11 18:20:53,077 - ЛоГгГи - INFO -  Mlkklm Klk Lklk   Оставил отзыв
